-encoding
UTF-8
-outxml
-source
1.6
-target
1.6
-classpath
/Users/smstromb/.m2/repository/antlr/antlr/2.7.6/antlr-2.7.6.jar:/Users/smstromb/.m2/repository/aopalliance/aopalliance/1.0/aopalliance-1.0.jar:/Users/smstromb/.m2/repository/asm/asm/3.1/asm-3.1.jar:/Users/smstromb/.m2/repository/cglib/cglib/2.2/cglib-2.2.jar:/Users/smstromb/.m2/repository/cglib/cglib-nodep/2.2/cglib-nodep-2.2.jar:/Users/smstromb/.m2/repository/cglib/cglib-nodep/2.2/cglib-nodep-2.2.jar:/Users/smstromb/.m2/repository/commons-beanutils/commons-beanutils/1.8.0/commons-beanutils-1.8.0.jar:/Users/smstromb/.m2/repository/commons-codec/commons-codec/1.4/commons-codec-1.4.jar:/Users/smstromb/.m2/repository/commons-codec/commons-codec/1.4/commons-codec-1.4.jar:/Users/smstromb/.m2/repository/commons-collections/commons-collections/3.1/commons-collections-3.1.jar:/Users/smstromb/.m2/repository/commons-dbcp/commons-dbcp/1.3/commons-dbcp-1.3.jar:/Users/smstromb/.m2/repository/commons-dbcp/commons-dbcp/1.3/commons-dbcp-1.3.jar:/Users/smstromb/.m2/repository/commons-digester/commons-digester/2.0/commons-digester-2.0.jar:/Users/smstromb/.m2/repository/commons-digester/commons-digester/2.0/commons-digester-2.0.jar:/Users/smstromb/.m2/repository/commons-fileupload/commons-fileupload/1.2.1/commons-fileupload-1.2.1.jar:/Users/smstromb/.m2/repository/commons-fileupload/commons-fileupload/1.2.1/commons-fileupload-1.2.1.jar:/Users/smstromb/.m2/repository/commons-logging/commons-logging/1.1.1/commons-logging-1.1.1.jar:/Users/smstromb/.m2/repository/commons-pool/commons-pool/1.5.4/commons-pool-1.5.4.jar:/Users/smstromb/.m2/repository/commons-pool/commons-pool/1.5.4/commons-pool-1.5.4.jar:/Users/smstromb/.m2/repository/dom4j/dom4j/1.6.1/dom4j-1.6.1.jar:/Users/smstromb/.m2/repository/javassist/javassist/3.12.0.GA/javassist-3.12.0.GA.jar:/Users/smstromb/.m2/repository/javax/el/el-api/1.0/el-api-1.0.jar:/Users/smstromb/.m2/repository/javax/el/el-api/1.0/el-api-1.0.jar:/Users/smstromb/.m2/repository/javax/servlet/servlet-api/2.5/servlet-api-2.5.jar:/Users/smstromb/.m2/repository/javax/servlet/jsp/jsp-api/2.1/jsp-api-2.1.jar:/Users/smstromb/.m2/repository/javax/servlet/jsp/jsp-api/2.1/jsp-api-2.1.jar:/Users/smstromb/.m2/repository/javax/servlet/jsp/jstl/jstl-api/1.2/jstl-api-1.2.jar:/Users/smstromb/.m2/repository/javax/servlet/jsp/jstl/jstl-api/1.2/jstl-api-1.2.jar:/Users/smstromb/.m2/repository/javax/transaction/jta/1.1/jta-1.1.jar:/Users/smstromb/.m2/repository/javax/transaction/jta/1.1/jta-1.1.jar:/Users/smstromb/.m2/repository/javax/validation/validation-api/1.0.0.GA/validation-api-1.0.0.GA.jar:/Users/smstromb/.m2/repository/javax/validation/validation-api/1.0.0.GA/validation-api-1.0.0.GA.jar:/Users/smstromb/.m2/repository/joda-time/joda-time/1.6/joda-time-1.6.jar:/Users/smstromb/.m2/repository/log4j/log4j/1.2.16/log4j-1.2.16.jar:/Users/smstromb/.m2/repository/mysql/mysql-connector-java/5.1.13/mysql-connector-java-5.1.13.jar:/Users/smstromb/.m2/repository/mysql/mysql-connector-java/5.1.13/mysql-connector-java-5.1.13.jar:/Users/smstromb/.m2/repository/net/sf/flexjson/flexjson/2.1/flexjson-2.1.jar:/Users/smstromb/.m2/repository/org/apache/tiles/tiles-api/2.2.1/tiles-api-2.2.1.jar:/Users/smstromb/.m2/repository/org/apache/tiles/tiles-core/2.2.1/tiles-core-2.2.1.jar:/Users/smstromb/.m2/repository/org/apache/tiles/tiles-core/2.2.1/tiles-core-2.2.1.jar:/Users/smstromb/.m2/repository/org/apache/tiles/tiles-jsp/2.2.1/tiles-jsp-2.2.1.jar:/Users/smstromb/.m2/repository/org/apache/tiles/tiles-servlet/2.2.1/tiles-servlet-2.2.1.jar:/Users/smstromb/.m2/repository/org/apache/tiles/tiles-template/2.2.1/tiles-template-2.2.1.jar:/Users/smstromb/.m2/repository/org/aspectj/aspectjrt/1.6.11/aspectjrt-1.6.11.jar:/Users/smstromb/.m2/repository/org/aspectj/aspectjweaver/1.6.11/aspectjweaver-1.6.11.jar:/Users/smstromb/.m2/repository/org/glassfish/web/jstl-impl/1.2/jstl-impl-1.2.jar:/Users/smstromb/.m2/repository/org/glassfish/web/jstl-impl/1.2/jstl-impl-1.2.jar:/Users/smstromb/.m2/repository/org/hibernate/hibernate-commons-annotations/3.2.0.Final/hibernate-commons-annotations-3.2.0.Final.jar:/Users/smstromb/.m2/repository/org/hibernate/hibernate-core/3.6.4.Final/hibernate-core-3.6.4.Final.jar:/Users/smstromb/.m2/repository/org/hibernate/hibernate-core/3.6.4.Final/hibernate-core-3.6.4.Final.jar:/Users/smstromb/.m2/repository/org/hibernate/hibernate-entitymanager/3.6.4.Final/hibernate-entitymanager-3.6.4.Final.jar:/Users/smstromb/.m2/repository/org/hibernate/hibernate-entitymanager/3.6.4.Final/hibernate-entitymanager-3.6.4.Final.jar:/Users/smstromb/.m2/repository/org/hibernate/hibernate-validator/4.1.0.Final/hibernate-validator-4.1.0.Final.jar:/Users/smstromb/.m2/repository/org/hibernate/hibernate-validator/4.1.0.Final/hibernate-validator-4.1.0.Final.jar:/Users/smstromb/.m2/repository/org/hibernate/javax/persistence/hibernate-jpa-2.0-api/1.0.0.Final/hibernate-jpa-2.0-api-1.0.0.Final.jar:/Users/smstromb/.m2/repository/org/hibernate/javax/persistence/hibernate-jpa-2.0-api/1.0.0.Final/hibernate-jpa-2.0-api-1.0.0.Final.jar:/Users/smstromb/.m2/repository/org/slf4j/jcl-over-slf4j/1.6.1/jcl-over-slf4j-1.6.1.jar:/Users/smstromb/.m2/repository/org/slf4j/slf4j-api/1.6.1/slf4j-api-1.6.1.jar:/Users/smstromb/.m2/repository/org/slf4j/slf4j-log4j12/1.6.1/slf4j-log4j12-1.6.1.jar:/Users/smstromb/.m2/repository/org/springframework/spring-aop/3.0.5.RELEASE/spring-aop-3.0.5.RELEASE.jar:/Users/smstromb/.m2/repository/org/springframework/spring-asm/3.0.5.RELEASE/spring-asm-3.0.5.RELEASE.jar:/Users/smstromb/.m2/repository/org/springframework/spring-aspects/3.0.5.RELEASE/spring-aspects-3.0.5.RELEASE.jar:/Users/smstromb/.m2/repository/org/springframework/spring-beans/3.0.5.RELEASE/spring-beans-3.0.5.RELEASE.jar:/Users/smstromb/.m2/repository/org/springframework/spring-context/3.0.5.RELEASE/spring-context-3.0.5.RELEASE.jar:/Users/smstromb/.m2/repository/org/springframework/spring-context-support/3.0.5.RELEASE/spring-context-support-3.0.5.RELEASE.jar:/Users/smstromb/.m2/repository/org/springframework/spring-core/3.0.5.RELEASE/spring-core-3.0.5.RELEASE.jar:/Users/smstromb/.m2/repository/org/springframework/spring-expression/3.0.5.RELEASE/spring-expression-3.0.5.RELEASE.jar:/Users/smstromb/.m2/repository/org/springframework/spring-jdbc/3.0.5.RELEASE/spring-jdbc-3.0.5.RELEASE.jar:/Users/smstromb/.m2/repository/org/springframework/spring-jdbc/3.0.5.RELEASE/spring-jdbc-3.0.5.RELEASE.jar:/Users/smstromb/.m2/repository/org/springframework/spring-orm/3.0.5.RELEASE/spring-orm-3.0.5.RELEASE.jar:/Users/smstromb/.m2/repository/org/springframework/spring-orm/3.0.5.RELEASE/spring-orm-3.0.5.RELEASE.jar:/Users/smstromb/.m2/repository/org/springframework/spring-tx/3.0.5.RELEASE/spring-tx-3.0.5.RELEASE.jar:/Users/smstromb/.m2/repository/org/springframework/spring-web/3.0.5.RELEASE/spring-web-3.0.5.RELEASE.jar:/Users/smstromb/.m2/repository/org/springframework/spring-web/3.0.5.RELEASE/spring-web-3.0.5.RELEASE.jar:/Users/smstromb/.m2/repository/org/springframework/spring-webmvc/3.0.5.RELEASE/spring-webmvc-3.0.5.RELEASE.jar:/Users/smstromb/.m2/repository/org/springframework/spring-webmvc/3.0.5.RELEASE/spring-webmvc-3.0.5.RELEASE.jar:/Users/smstromb/.m2/repository/org/springframework/roo/org.springframework.roo.annotations/1.1.5.RELEASE/org.springframework.roo.annotations-1.1.5.RELEASE.jar:/Users/smstromb/.m2/repository/org/springframework/security/spring-security-acl/3.0.5.RELEASE/spring-security-acl-3.0.5.RELEASE.jar:/Users/smstromb/.m2/repository/org/springframework/security/spring-security-config/3.0.5.RELEASE/spring-security-config-3.0.5.RELEASE.jar:/Users/smstromb/.m2/repository/org/springframework/security/spring-security-config/3.0.5.RELEASE/spring-security-config-3.0.5.RELEASE.jar:/Users/smstromb/.m2/repository/org/springframework/security/spring-security-core/3.0.5.RELEASE/spring-security-core-3.0.5.RELEASE.jar:/Users/smstromb/.m2/repository/org/springframework/security/spring-security-core/3.0.5.RELEASE/spring-security-core-3.0.5.RELEASE.jar:/Users/smstromb/.m2/repository/org/springframework/security/spring-security-taglibs/3.0.5.RELEASE/spring-security-taglibs-3.0.5.RELEASE.jar:/Users/smstromb/.m2/repository/org/springframework/security/spring-security-taglibs/3.0.5.RELEASE/spring-security-taglibs-3.0.5.RELEASE.jar:/Users/smstromb/.m2/repository/org/springframework/security/spring-security-web/3.0.5.RELEASE/spring-security-web-3.0.5.RELEASE.jar:/Users/smstromb/.m2/repository/org/springframework/security/spring-security-web/3.0.5.RELEASE/spring-security-web-3.0.5.RELEASE.jar:/Users/smstromb/.m2/repository/org/springframework/webflow/spring-js-resources/2.2.1.RELEASE/spring-js-resources-2.2.1.RELEASE.jar:/Users/smstromb/.m2/repository/org/springframework/webflow/spring-js-resources/2.2.1.RELEASE/spring-js-resources-2.2.1.RELEASE.jar:/Users/smstromb/Dev/Workspace/sandbox/target/classes
-aspectpath
/Users/smstromb/.m2/repository/org/springframework/spring-aspects/3.0.5.RELEASE/spring-aspects-3.0.5.RELEASE.jar
-d
/Users/smstromb/Dev/Workspace/sandbox/target/classes
/Users/smstromb/Dev/Workspace/sandbox/src/main/java/strombotne/spencer/kitchenmanager/web/RecipeController.java
/Users/smstromb/Dev/Workspace/sandbox/src/main/java/strombotne/spencer/kitchenmanager/domain/Login_Roo_Entity.aj
/Users/smstromb/Dev/Workspace/sandbox/src/main/java/strombotne/spencer/kitchenmanager/domain/Recipe.java
/Users/smstromb/Dev/Workspace/sandbox/src/main/java/strombotne/spencer/kitchenmanager/domain/UserAuthority_Roo_ToString.aj
/Users/smstromb/Dev/Workspace/sandbox/src/main/java/strombotne/spencer/kitchenmanager/domain/Login_Roo_JavaBean.aj
/Users/smstromb/Dev/Workspace/sandbox/src/main/java/strombotne/spencer/kitchenmanager/domain/Login_Roo_ToString.aj
/Users/smstromb/Dev/Workspace/sandbox/src/main/java/strombotne/spencer/kitchenmanager/domain/Recipe_Roo_ToString.aj
/Users/smstromb/Dev/Workspace/sandbox/src/main/java/strombotne/spencer/kitchenmanager/domain/Recipe_Roo_Entity.aj
/Users/smstromb/Dev/Workspace/sandbox/src/main/java/strombotne/spencer/kitchenmanager/web/RecipeController_Roo_Controller.aj
/Users/smstromb/Dev/Workspace/sandbox/src/main/java/strombotne/spencer/kitchenmanager/domain/Ingredient_Roo_Configurable.aj
/Users/smstromb/Dev/Workspace/sandbox/src/main/java/strombotne/spencer/kitchenmanager/domain/Login_Roo_Configurable.aj
/Users/smstromb/Dev/Workspace/sandbox/src/main/java/strombotne/spencer/kitchenmanager/domain/Recipe_Roo_Configurable.aj
/Users/smstromb/Dev/Workspace/sandbox/src/main/java/strombotne/spencer/kitchenmanager/web/ApplicationConversionServiceFactoryBean.java
/Users/smstromb/Dev/Workspace/sandbox/src/main/java/strombotne/spencer/kitchenmanager/domain/UserAuthority_Roo_JavaBean.aj
/Users/smstromb/Dev/Workspace/sandbox/src/main/java/strombotne/spencer/kitchenmanager/web/LoginController_Roo_Controller.aj
/Users/smstromb/Dev/Workspace/sandbox/src/main/java/strombotne/spencer/kitchenmanager/web/UserAuthorityController.java
/Users/smstromb/Dev/Workspace/sandbox/src/main/java/strombotne/spencer/kitchenmanager/web/LoginController.java
/Users/smstromb/Dev/Workspace/sandbox/src/main/java/strombotne/spencer/kitchenmanager/domain/UserAuthority.java
/Users/smstromb/Dev/Workspace/sandbox/src/main/java/strombotne/spencer/kitchenmanager/domain/UserAuthority_Roo_Entity.aj
/Users/smstromb/Dev/Workspace/sandbox/src/main/java/strombotne/spencer/kitchenmanager/web/ApplicationConversionServiceFactoryBean_Roo_ConversionService.aj
/Users/smstromb/Dev/Workspace/sandbox/src/main/java/strombotne/spencer/kitchenmanager/domain/Ingredient_Roo_ToString.aj
/Users/smstromb/Dev/Workspace/sandbox/src/main/java/strombotne/spencer/kitchenmanager/domain/Login.java
/Users/smstromb/Dev/Workspace/sandbox/src/main/java/strombotne/spencer/kitchenmanager/domain/Ingredient.java
/Users/smstromb/Dev/Workspace/sandbox/src/main/java/strombotne/spencer/kitchenmanager/domain/IngredientType.java
/Users/smstromb/Dev/Workspace/sandbox/src/main/java/strombotne/spencer/kitchenmanager/domain/Recipe_Roo_JavaBean.aj
/Users/smstromb/Dev/Workspace/sandbox/src/main/java/strombotne/spencer/kitchenmanager/web/IngredientController.java
/Users/smstromb/Dev/Workspace/sandbox/src/main/java/strombotne/spencer/kitchenmanager/domain/Ingredient_Roo_JavaBean.aj
/Users/smstromb/Dev/Workspace/sandbox/src/main/java/strombotne/spencer/kitchenmanager/web/IngredientController_Roo_Controller.aj
/Users/smstromb/Dev/Workspace/sandbox/src/main/java/strombotne/spencer/kitchenmanager/domain/Ingredient_Roo_Entity.aj
/Users/smstromb/Dev/Workspace/sandbox/src/main/java/strombotne/spencer/kitchenmanager/web/UserAuthorityController_Roo_Controller.aj
/Users/smstromb/Dev/Workspace/sandbox/src/main/java/strombotne/spencer/kitchenmanager/domain/UserAuthority_Roo_Configurable.aj
